2026-04-21 20:06:38,968 INFO c.GuiApp [JavaFX Application Thread] Open movie page: 7
2026-04-21 20:21:58,998 INFO c.GuiApp [JavaFX Application Thread] Инициализация работы клиента: null
2026-04-21 20:22:11,525 INFO c.n.NetworkWorker [Thread-2] 201: Пользователь успешно авторизовался login: 0
2026-04-21 20:22:12,598 INFO c.n.NetworkWorker [Thread-2] 200: Success
2026-04-21 20:30:11,087 INFO c.GuiApp [JavaFX Application Thread] Инициализация работы клиента: Socket[addr=localhost/127.0.0.1,port=8000,localport=32968]
2026-04-21 20:30:39,339 INFO c.n.NetworkWorker [Thread-2] 201: Пользователь успешно авторизовался login: 0
2026-04-21 20:30:39,686 INFO c.n.NetworkWorker [Thread-2] 200: Success
2026-04-21 20:33:54,584 INFO c.GuiApp [JavaFX Application Thread] Инициализация работы клиента: 34032
2026-04-21 20:34:06,812 INFO c.n.NetworkWorker [Thread-2] 201: Пользователь успешно авторизовался login: 0
2026-04-21 20:34:07,160 INFO c.n.NetworkWorker [Thread-2] 200: Success
2026-04-21 20:40:39,806 INFO c.GuiApp [JavaFX Application Thread] Инициализация работы клиента: 45282
2026-04-21 20:40:44,046 INFO c.n.NetworkWorker [Thread-2] 201: Пользователь успешно авторизовался login: 0
2026-04-21 20:40:44,388 INFO c.n.NetworkWorker [Thread-2] 200: Success
2026-04-21 20:46:18,993 INFO c.GuiApp [JavaFX Application Thread] Инициализация работы клиента: 48966
2026-04-21 20:46:22,543 INFO c.n.NetworkWorker [Thread-2] 201: Пользователь успешно авторизовался login: 0
2026-04-21 20:46:22,884 INFO c.n.NetworkWorker [Thread-2] 200: Success
2026-04-21 20:47:58,867 INFO c.GuiApp [JavaFX Application Thread] Инициализация работы клиента: 56224
2026-04-21 20:48:03,081 INFO c.n.NetworkWorker [Thread-2] 201: Пользователь успешно авторизовался login: 0
2026-04-21 20:48:03,432 INFO c.n.NetworkWorker [Thread-2] 200: Success
2026-04-21 20:48:56,866 INFO c.GuiApp [JavaFX Application Thread] Инициализация работы клиента: 39126
2026-04-21 20:49:00,560 INFO c.n.NetworkWorker [Thread-2] 201: Пользователь успешно авторизовался login: 0
2026-04-21 20:49:00,907 INFO c.n.NetworkWorker [Thread-2] 200: Success
2026-04-21 20:50:12,627 INFO c.GuiApp [JavaFX Application Thread] Инициализация работы клиента: 43088
2026-04-21 20:50:16,015 INFO c.n.NetworkWorker [Thread-2] 201: Пользователь успешно авторизовался login: 0
2026-04-21 20:50:16,364 INFO c.n.NetworkWorker [Thread-2] 200: Success
2026-04-21 20:52:51,363 INFO c.GuiApp [JavaFX Application Thread] Инициализация работы клиента: 50572
2026-04-21 20:52:54,894 INFO c.n.NetworkWorker [Thread-2] 201: Пользователь успешно авторизовался login: 0
2026-04-21 20:52:55,233 INFO c.n.NetworkWorker [Thread-2] 200: Success
2026-04-21 21:01:12,370 INFO c.GuiApp [JavaFX Application Thread] Инициализация работы клиента: 53662
2026-04-21 21:01:16,554 INFO c.n.NetworkWorker [Thread-2] 201: Пользователь успешно авторизовался login: 0
2026-04-21 21:01:16,900 INFO c.n.NetworkWorker [Thread-2] 200: Success
2026-04-21 21:12:24,481 INFO c.GuiApp [JavaFX Application Thread] Инициализация работы клиента: 53072
2026-04-21 21:12:29,669 INFO c.n.NetworkWorker [Thread-2] 201: Пользователь успешно авторизовался login: 0
2026-04-21 21:12:30,016 INFO c.n.NetworkWorker [Thread-2] 200: Success
2026-04-21 21:15:33,069 INFO c.GuiApp [JavaFX Application Thread] Инициализация работы клиента: 59798
2026-04-21 21:15:37,274 INFO c.n.NetworkWorker [Thread-2] 201: Пользователь успешно авторизовался login: 0
2026-04-21 21:15:37,621 INFO c.n.NetworkWorker [Thread-2] 200: Success
2026-04-21 21:36:38,677 INFO c.GuiApp [JavaFX Application Thread] Инициализация работы клиента: 43468
2026-04-21 21:38:03,773 INFO c.GuiApp [JavaFX Application Thread] Инициализация работы клиента: 38586
2026-04-21 21:40:08,668 INFO c.GuiApp [JavaFX Application Thread] Инициализация работы клиента: 45826
2026-04-21 21:40:32,785 INFO c.GuiApp [JavaFX Application Thread] Инициализация работы клиента: 51442
2026-04-21 21:47:54,032 INFO c.GuiApp [JavaFX Application Thread] Инициализация работы клиента: 39764
2026-04-21 21:48:02,276 INFO c.n.NetworkWorker [Thread-2] 201: Пользователь успешно авторизовался login: 0
2026-04-21 21:48:02,657 INFO c.n.NetworkWorker [Thread-2] 200: Success
